<?xml version="1.0" encoding="UTF-8"?>
<!-- Generated by org.testng.reporters.JUnitXMLReporter -->
<testsuite ignored="0" hostname="DESKTOP-T4PTG44" failures="0" tests="4" name="Default test" time="3.777" errors="0" timestamp="2021-05-30T16:41:50 IST">
  <testcase classname="Addressbook_RestAPI.RestAPI_JSONServerTests" name="addMultipleRecords_shouldReturn_201statusCode" time="3.436"/>
  <testcase classname="Addressbook_RestAPI.RestAPI_JSONServerTests" name="addMultipleRecords_shouldReturn_201statusCode" time="0.093"/>
  <testcase classname="Addressbook_RestAPI.RestAPI_JSONServerTests" name="addSingleRecords_shouldReturn_201statusCode" time="0.067"/>
  <testcase classname="Addressbook_RestAPI.RestAPI_JSONServerTests" name="givenemployeeDataInJSONServer_WhenRetrieved_ShouldMatchTheCount" time="0.1"/>
</testsuite> <!-- Default test -->
