<?xml version="1.0" encoding="UTF-8"?>
<!-- Generated by org.testng.reporters.JUnitXMLReporter -->
<testsuite ignored="0" hostname="DESKTOP-T4PTG44" failures="0" tests="2" name="Default test" time="4.271" errors="0" timestamp="2021-05-30T16:58:57 IST">
  <testcase classname="Addressbook_RestAPI.RestAPI_JSONServerTests" name="givenemployeeDataInJSONServer_WhenRetrieved_ShouldMatchTheCount" time="4.066"/>
  <testcase classname="Addressbook_RestAPI.RestAPI_JSONServerTests" name="updateExistingRecord_shouldReturn_200statusCode" time="0.133"/>
</testsuite> <!-- Default test -->
