<?xml version="1.0" encoding="UTF-8"?>
<testng-results ignored="0" total="1" passed="1" failed="0" skipped="0">
  <reporter-output>
  </reporter-output>
  <suite started-at="2021-05-30T16:19:22 IST" name="Default suite" finished-at="2021-05-30T16:19:25 IST" duration-ms="2739">
    <groups>
    </groups>
    <test started-at="2021-05-30T16:19:22 IST" name="Default test" finished-at="2021-05-30T16:19:25 IST" duration-ms="2739">
      <class name="Addressbook_RestAPI.RestAPI_JSONServerTests">
        <test-method signature="givenemployeeDataInJSONServer_WhenRetrieved_ShouldMatchTheCount()[pri:0, instance:Addressbook_RestAPI.RestAPI_JSONServerTests@4e268090]" started-at="2021-05-30T16:19:23 IST" name="givenemployeeDataInJSONServer_WhenRetrieved_ShouldMatchTheCount" finished-at="2021-05-30T16:19:25 IST" duration-ms="2683" status="PASS">
          <reporter-output>
          </reporter-output>
        </test-method> <!-- givenemployeeDataInJSONServer_WhenRetrieved_ShouldMatchTheCount -->
      </class> <!-- Addressbook_RestAPI.RestAPI_JSONServerTests -->
    </test> <!-- Default test -->
  </suite> <!-- Default suite -->
</testng-results>
